Arguments: 
  /usr/local/bin/node /Users/germanbonacchi/.yarn/bin/yarn.js add -D @vtex/config

PATH: 
  /Users/germanbonacchi/.yarn/bin:/Users/germanbonacchi/.config/yarn/global/node_modules/.bin:/Library/Frameworks/Python.framework/Versions/3.9/bin:/usr/local/bin:/usr/bin:/bin:/usr/sbin:/sbin:/Users/germanbonacchi/.yarn/bin:/Users/germanbonacchi/.config/yarn/global/node_modules/.bin:/Library/Frameworks/Python.framework/Versions/3.9/bin

Yarn version: 
  1.22.15

Node version: 
  14.16.0

Platform: 
  darwin x64

Trace: 
  Error: https://registry.yarnpkg.com/@vtex%2fconfig: Not found
      at Request.params.callback [as _callback] (/Users/germanbonacchi/.yarn/lib/cli.js:67031:18)
      at Request.self.callback (/Users/germanbonacchi/.yarn/lib/cli.js:140885:22)
      at Request.emit (events.js:315:20)
      at Request.<anonymous> (/Users/germanbonacchi/.yarn/lib/cli.js:141857:10)
      at Request.emit (events.js:315:20)
      at IncomingMessage.<anonymous> (/Users/germanbonacchi/.yarn/lib/cli.js:141779:12)
      at Object.onceWrapper (events.js:421:28)
      at IncomingMessage.emit (events.js:327:22)
      at endReadableNT (internal/streams/readable.js:1327:12)
      at processTicksAndRejections (internal/process/task_queues.js:80:21)

npm manifest: 
  {
    "name": "admin-example",
    "private": true,
    "license": "UNLICENSED",
    "scripts": {
      "lint": "eslint --ext js,jsx,ts,tsx .",
      "format": "prettier --write \"**/*.{ts,tsx,js,jsx,json}\""
    },
    "husky": {
      "hooks": {
        "pre-commit": "lint-staged"
      }
    },
    "lint-staged": {
      "*.{ts,js,tsx,jsx}": [
        "eslint --fix",
        "prettier --write"
      ],
      "*.{json,graphql,gql}": [
        "prettier --write"
      ]
    },
    "dependencies": {
      "@vtex/api": "^6.45.0",
      "@vtex/clients": "^2.13.0"
    },
    "devDependencies": {
      "@vtex/prettier-config": "^0.2.0",
      "eslint": "^6.8.0",
      "eslint-config-vtex": "^12.4.0",
      "eslint-config-vtex-react": "^6.4.0",
      "husky": "^4.2.5",
      "lint-staged": "^10.2.2",
      "prettier": "^2.0.5",
      "typescript": "^3.8.3"
    }
  }

yarn manifest: 
  No manifest

Lockfile: 
  No lockfile
