Arguments: 
  /usr/local/bin/node /Users/germanbonacchi/.config/yarn/global/node_modules/yarn/bin/yarn.js --non-interactive --ignore-engines

PATH: 
  /Users/germanbonacchi/.yarn/bin:/Users/germanbonacchi/.config/yarn/global/node_modules/.bin:/Library/Frameworks/Python.framework/Versions/3.9/bin:/usr/local/bin:/usr/bin:/bin:/usr/sbin:/sbin:/Users/germanbonacchi/.yarn/bin:/Users/germanbonacchi/.config/yarn/global/node_modules/.bin:/Library/Frameworks/Python.framework/Versions/3.9/bin

Yarn version: 
  1.22.10

Node version: 
  14.16.0

Platform: 
  darwin x64

Trace: 
  SyntaxError: /Users/germanbonacchi/Desktop/VTEX/custom-stock-export/react/package.json: Unexpected token } in JSON at position 571
      at JSON.parse (<anonymous>)
      at /Users/germanbonacchi/.config/yarn/global/node_modules/yarn/lib/cli.js:1625:59
      at Generator.next (<anonymous>)
      at step (/Users/germanbonacchi/.config/yarn/global/node_modules/yarn/lib/cli.js:310:30)
      at /Users/germanbonacchi/.config/yarn/global/node_modules/yarn/lib/cli.js:321:13

npm manifest: 
  {
    "name": "custom-stock-export",
    "version": "0.0.12",
    "devDependencies": {
      "@types/node": "^11.12.1",
      "@types/react": "^16.8.10",
      "@types/react-intl": "^3.0.0",
      "@vtex/tsconfig": "^0.4.4",
      "apollo-client": "^2.4.7",
      "graphql": "^14.0.2",
      "prop-types": "^15.7.2",
      "react": "^17.0.1",
      "react-dom": "^17.0.1",
      "react-intl": "^5.20.10",
      "typescript": "3.9.7"
    },
    "dependencies": {
      "@types/faker": "^4.1.5",
      "@vtex/styleguide": "^9.145.1",
      "faker": "^4.1.0",
      "fix": "0.0.6",
      "react-apollo": "^3.1.5",
    }
  }

yarn manifest: 
  No manifest

Lockfile: 
  No lockfile
